{
  message: 'Database is connected sucessfully',
  level: 'info',
  label: 'ES ',
  timestamp: '2023-09-04T14:42:47.320Z'
}
{
  message: 'Example app listening on port 5000',
  level: 'info',
  label: 'ES ',
  timestamp: '2023-09-04T14:42:47.358Z'
}
{
  message: 'Database is connected sucessfully',
  level: 'info',
  label: 'ES ',
  timestamp: '2023-09-04T14:47:51.092Z'
}
{
  message: 'Example app listening on port 5000',
  level: 'info',
  label: 'ES ',
  timestamp: '2023-09-04T14:47:51.105Z'
}
{
  message: 'Database is connected sucessfully',
  level: 'info',
  label: 'ES ',
  timestamp: '2023-09-04T14:55:58.208Z'
}
{
  message: 'Example app listening on port 5000',
  level: 'info',
  label: 'ES ',
  timestamp: '2023-09-04T14:55:58.223Z'
}
{
  message: 'Database is connected sucessfully',
  level: 'info',
  label: 'ES ',
  timestamp: '2023-09-04T14:57:50.734Z'
}
{
  message: 'Example app listening on port 5000',
  level: 'info',
  label: 'ES ',
  timestamp: '2023-09-04T14:57:50.748Z'
}
