{
  message: 'Database is connected sucessfully',
  level: 'info',
  label: 'ES ',
  timestamp: '2023-08-23T02:53:20.538Z'
}
{
  message: 'Example app listening on port 5000',
  level: 'info',
  label: 'ES ',
  timestamp: '2023-08-23T02:53:20.566Z'
}
{
  message: 'Database is connected sucessfully',
  level: 'info',
  label: 'ES ',
  timestamp: '2023-08-23T02:54:54.044Z'
}
{
  message: 'Example app listening on port 5000',
  level: 'info',
  label: 'ES ',
  timestamp: '2023-08-23T02:54:54.055Z'
}
