{
  message: 'Database is connected sucessfully',
  level: 'info',
  label: 'ES ',
  timestamp: '2023-09-05T04:00:11.258Z'
}
{
  message: 'Example app listening on port 5000',
  level: 'info',
  label: 'ES ',
  timestamp: '2023-09-05T04:00:11.286Z'
}
{
  message: 'Database is connected sucessfully',
  level: 'info',
  label: 'ES ',
  timestamp: '2023-09-05T04:35:07.608Z'
}
{
  message: 'Example app listening on port 5000',
  level: 'info',
  label: 'ES ',
  timestamp: '2023-09-05T04:35:07.658Z'
}
{
  message: 'Database is connected sucessfully',
  level: 'info',
  label: 'ES ',
  timestamp: '2023-09-05T04:35:25.441Z'
}
{
  message: 'Example app listening on port 5000',
  level: 'info',
  label: 'ES ',
  timestamp: '2023-09-05T04:35:25.452Z'
}
{
  message: 'Database is connected sucessfully',
  level: 'info',
  label: 'ES ',
  timestamp: '2023-09-05T04:36:00.119Z'
}
{
  message: 'Example app listening on port 5000',
  level: 'info',
  label: 'ES ',
  timestamp: '2023-09-05T04:36:00.134Z'
}
{
  message: 'Database is connected sucessfully',
  level: 'info',
  label: 'ES ',
  timestamp: '2023-09-05T04:36:42.383Z'
}
{
  message: 'Example app listening on port 5000',
  level: 'info',
  label: 'ES ',
  timestamp: '2023-09-05T04:36:42.395Z'
}
{
  message: 'Database is connected sucessfully',
  level: 'info',
  label: 'ES ',
  timestamp: '2023-09-05T04:37:22.534Z'
}
{
  message: 'Example app listening on port 5000',
  level: 'info',
  label: 'ES ',
  timestamp: '2023-09-05T04:37:22.547Z'
}
{
  message: 'Database is connected sucessfully',
  level: 'info',
  label: 'ES ',
  timestamp: '2023-09-05T04:38:42.945Z'
}
{
  message: 'Example app listening on port 5000',
  level: 'info',
  label: 'ES ',
  timestamp: '2023-09-05T04:38:42.962Z'
}
{
  message: 'Database is connected sucessfully',
  level: 'info',
  label: 'ES ',
  timestamp: '2023-09-05T04:49:46.277Z'
}
{
  message: 'Example app listening on port 5000',
  level: 'info',
  label: 'ES ',
  timestamp: '2023-09-05T04:49:46.303Z'
}
{
  message: 'Database is connected sucessfully',
  level: 'info',
  label: 'ES ',
  timestamp: '2023-09-05T04:51:33.027Z'
}
{
  message: 'Example app listening on port 5000',
  level: 'info',
  label: 'ES ',
  timestamp: '2023-09-05T04:51:33.044Z'
}
