{
  message: 'Database is connected sucessfully',
  level: 'info',
  label: 'ES ',
  timestamp: '2023-09-10T16:14:27.053Z'
}
{
  message: 'Example app listening on port 5000',
  level: 'info',
  label: 'ES ',
  timestamp: '2023-09-10T16:14:27.083Z'
}
{
  message: 'Database is connected sucessfully',
  level: 'info',
  label: 'ES ',
  timestamp: '2023-09-10T16:15:37.645Z'
}
{
  message: 'Example app listening on port 5000',
  level: 'info',
  label: 'ES ',
  timestamp: '2023-09-10T16:15:37.711Z'
}
{
  message: 'Database is connected sucessfully',
  level: 'info',
  label: 'ES ',
  timestamp: '2023-09-10T16:16:33.603Z'
}
{
  message: 'Example app listening on port 5000',
  level: 'info',
  label: 'ES ',
  timestamp: '2023-09-10T16:16:33.619Z'
}
{
  message: 'Database is connected sucessfully',
  level: 'info',
  label: 'ES ',
  timestamp: '2023-09-10T16:17:43.713Z'
}
{
  message: 'Example app listening on port 5000',
  level: 'info',
  label: 'ES ',
  timestamp: '2023-09-10T16:17:43.725Z'
}
{
  message: 'Database is connected sucessfully',
  level: 'info',
  label: 'ES ',
  timestamp: '2023-09-10T16:19:01.406Z'
}
{
  message: 'Example app listening on port 5000',
  level: 'info',
  label: 'ES ',
  timestamp: '2023-09-10T16:19:01.420Z'
}
{
  message: 'Database is connected sucessfully',
  level: 'info',
  label: 'ES ',
  timestamp: '2023-09-10T16:22:03.992Z'
}
{
  message: 'Example app listening on port 5000',
  level: 'info',
  label: 'ES ',
  timestamp: '2023-09-10T16:22:04.020Z'
}
{
  message: 'Database is connected sucessfully',
  level: 'info',
  label: 'ES ',
  timestamp: '2023-09-10T16:23:39.048Z'
}
{
  message: 'Example app listening on port 5000',
  level: 'info',
  label: 'ES ',
  timestamp: '2023-09-10T16:23:39.064Z'
}
{
  message: 'Database is connected sucessfully',
  level: 'info',
  label: 'ES ',
  timestamp: '2023-09-10T16:24:19.570Z'
}
{
  message: 'Example app listening on port 5000',
  level: 'info',
  label: 'ES ',
  timestamp: '2023-09-10T16:24:19.586Z'
}
{
  message: 'Database is connected sucessfully',
  level: 'info',
  label: 'ES ',
  timestamp: '2023-09-10T16:25:15.501Z'
}
{
  message: 'Example app listening on port 5000',
  level: 'info',
  label: 'ES ',
  timestamp: '2023-09-10T16:25:15.662Z'
}
