{
  message: 'Database is connected sucessfully',
  level: 'info',
  label: 'ES ',
  timestamp: '2023-08-23T03:09:40.514Z'
}
{
  message: 'Example app listening on port 5000',
  level: 'info',
  label: 'ES ',
  timestamp: '2023-08-23T03:09:40.546Z'
}
{
  message: 'Database is connected sucessfully',
  level: 'info',
  label: 'ES ',
  timestamp: '2023-08-23T03:11:05.206Z'
}
{
  message: 'Example app listening on port 5000',
  level: 'info',
  label: 'ES ',
  timestamp: '2023-08-23T03:11:05.218Z'
}
