{
  issues: [
    {
      code: 'invalid_type',
      expected: 'object',
      received: 'array',
      path: [ 'body' ],
      message: 'Expected object, received array'
    }
  ],
  addIssue: [Function (anonymous)],
  addIssues: [Function (anonymous)],
  name: 'ZodError',
  level: 'error',
  message: 'gobleErrorhandeler [\n' +
    '  {\n' +
    '    "code": "invalid_type",\n' +
    '    "expected": "object",\n' +
    '    "received": "array",\n' +
    '    "path": [\n' +
    '      "body"\n' +
    '    ],\n' +
    '    "message": "Expected object, received array"\n' +
    '  }\n' +
    ']',
  stack: 'ZodError: [\n' +
    '  {\n' +
    '    "code": "invalid_type",\n' +
    '    "expected": "object",\n' +
    '    "received": "array",\n' +
    '    "path": [\n' +
    '      "body"\n' +
    '    ],\n' +
    '    "message": "Expected object, received array"\n' +
    '  }\n' +
    ']\n' +
    '    at Object.get error [as error] (C:\\Next-level-webdev\\univercity-mengement\\node_modules\\zod\\lib\\types.js:43:31)\n' +
    '    at ZodObject.parseAsync (C:\\Next-level-webdev\\univercity-mengement\\node_modules\\zod\\lib\\types.js:165:22)\n' +
    '    at processTicksAndRejections (node:internal/process/task_queues:95:5)',
  label: 'ES',
  timestamp: '2023-09-10T07:12:23.848Z'
}
{
  issues: [
    {
      code: 'invalid_type',
      expected: 'object',
      received: 'array',
      path: [ 'body' ],
      message: 'Expected object, received array'
    }
  ],
  addIssue: [Function (anonymous)],
  addIssues: [Function (anonymous)],
  name: 'ZodError',
  level: 'error',
  message: 'gobleErrorhandeler [\n' +
    '  {\n' +
    '    "code": "invalid_type",\n' +
    '    "expected": "object",\n' +
    '    "received": "array",\n' +
    '    "path": [\n' +
    '      "body"\n' +
    '    ],\n' +
    '    "message": "Expected object, received array"\n' +
    '  }\n' +
    ']',
  stack: 'ZodError: [\n' +
    '  {\n' +
    '    "code": "invalid_type",\n' +
    '    "expected": "object",\n' +
    '    "received": "array",\n' +
    '    "path": [\n' +
    '      "body"\n' +
    '    ],\n' +
    '    "message": "Expected object, received array"\n' +
    '  }\n' +
    ']\n' +
    '    at Object.get error [as error] (C:\\Next-level-webdev\\univercity-mengement\\node_modules\\zod\\lib\\types.js:43:31)\n' +
    '    at ZodObject.parseAsync (C:\\Next-level-webdev\\univercity-mengement\\node_modules\\zod\\lib\\types.js:165:22)\n' +
    '    at processTicksAndRejections (node:internal/process/task_queues:95:5)',
  label: 'ES',
  timestamp: '2023-09-10T07:20:56.747Z'
}
{
  issues: [
    {
      code: 'invalid_type',
      expected: 'object',
      received: 'array',
      path: [ 'body' ],
      message: 'Expected object, received array'
    }
  ],
  addIssue: [Function (anonymous)],
  addIssues: [Function (anonymous)],
  name: 'ZodError',
  level: 'error',
  message: 'gobleErrorhandeler [\n' +
    '  {\n' +
    '    "code": "invalid_type",\n' +
    '    "expected": "object",\n' +
    '    "received": "array",\n' +
    '    "path": [\n' +
    '      "body"\n' +
    '    ],\n' +
    '    "message": "Expected object, received array"\n' +
    '  }\n' +
    ']',
  stack: 'ZodError: [\n' +
    '  {\n' +
    '    "code": "invalid_type",\n' +
    '    "expected": "object",\n' +
    '    "received": "array",\n' +
    '    "path": [\n' +
    '      "body"\n' +
    '    ],\n' +
    '    "message": "Expected object, received array"\n' +
    '  }\n' +
    ']\n' +
    '    at Object.get error [as error] (C:\\Next-level-webdev\\univercity-mengement\\node_modules\\zod\\lib\\types.js:43:31)\n' +
    '    at ZodObject.parseAsync (C:\\Next-level-webdev\\univercity-mengement\\node_modules\\zod\\lib\\types.js:165:22)\n' +
    '    at processTicksAndRejections (node:internal/process/task_queues:95:5)',
  label: 'ES',
  timestamp: '2023-09-10T07:20:59.092Z'
}
{
  issues: [
    {
      code: 'invalid_type',
      expected: 'object',
      received: 'array',
      path: [ 'body' ],
      message: 'Expected object, received array'
    }
  ],
  addIssue: [Function (anonymous)],
  addIssues: [Function (anonymous)],
  name: 'ZodError',
  level: 'error',
  message: 'gobleErrorhandeler [\n' +
    '  {\n' +
    '    "code": "invalid_type",\n' +
    '    "expected": "object",\n' +
    '    "received": "array",\n' +
    '    "path": [\n' +
    '      "body"\n' +
    '    ],\n' +
    '    "message": "Expected object, received array"\n' +
    '  }\n' +
    ']',
  stack: 'ZodError: [\n' +
    '  {\n' +
    '    "code": "invalid_type",\n' +
    '    "expected": "object",\n' +
    '    "received": "array",\n' +
    '    "path": [\n' +
    '      "body"\n' +
    '    ],\n' +
    '    "message": "Expected object, received array"\n' +
    '  }\n' +
    ']\n' +
    '    at Object.get error [as error] (C:\\Next-level-webdev\\univercity-mengement\\node_modules\\zod\\lib\\types.js:43:31)\n' +
    '    at ZodObject.parseAsync (C:\\Next-level-webdev\\univercity-mengement\\node_modules\\zod\\lib\\types.js:165:22)\n' +
    '    at processTicksAndRejections (node:internal/process/task_queues:95:5)',
  label: 'ES',
  timestamp: '2023-09-10T07:21:28.293Z'
}
{
  issues: [
    {
      code: 'invalid_type',
      expected: 'object',
      received: 'array',
      path: [ 'body' ],
      message: 'Expected object, received array'
    }
  ],
  addIssue: [Function (anonymous)],
  addIssues: [Function (anonymous)],
  name: 'ZodError',
  level: 'error',
  message: 'gobleErrorhandeler [\n' +
    '  {\n' +
    '    "code": "invalid_type",\n' +
    '    "expected": "object",\n' +
    '    "received": "array",\n' +
    '    "path": [\n' +
    '      "body"\n' +
    '    ],\n' +
    '    "message": "Expected object, received array"\n' +
    '  }\n' +
    ']',
  stack: 'ZodError: [\n' +
    '  {\n' +
    '    "code": "invalid_type",\n' +
    '    "expected": "object",\n' +
    '    "received": "array",\n' +
    '    "path": [\n' +
    '      "body"\n' +
    '    ],\n' +
    '    "message": "Expected object, received array"\n' +
    '  }\n' +
    ']\n' +
    '    at Object.get error [as error] (C:\\Next-level-webdev\\univercity-mengement\\node_modules\\zod\\lib\\types.js:43:31)\n' +
    '    at ZodObject.parseAsync (C:\\Next-level-webdev\\univercity-mengement\\node_modules\\zod\\lib\\types.js:165:22)\n' +
    '    at processTicksAndRejections (node:internal/process/task_queues:95:5)',
  label: 'ES',
  timestamp: '2023-09-10T07:28:07.800Z'
}
{
  issues: [
    {
      code: 'invalid_type',
      expected: 'object',
      received: 'array',
      path: [ 'body' ],
      message: 'Expected object, received array'
    }
  ],
  addIssue: [Function (anonymous)],
  addIssues: [Function (anonymous)],
  name: 'ZodError',
  level: 'error',
  message: 'gobleErrorhandeler [\n' +
    '  {\n' +
    '    "code": "invalid_type",\n' +
    '    "expected": "object",\n' +
    '    "received": "array",\n' +
    '    "path": [\n' +
    '      "body"\n' +
    '    ],\n' +
    '    "message": "Expected object, received array"\n' +
    '  }\n' +
    ']',
  stack: 'ZodError: [\n' +
    '  {\n' +
    '    "code": "invalid_type",\n' +
    '    "expected": "object",\n' +
    '    "received": "array",\n' +
    '    "path": [\n' +
    '      "body"\n' +
    '    ],\n' +
    '    "message": "Expected object, received array"\n' +
    '  }\n' +
    ']\n' +
    '    at Object.get error [as error] (C:\\Next-level-webdev\\univercity-mengement\\node_modules\\zod\\lib\\types.js:43:31)\n' +
    '    at ZodObject.parseAsync (C:\\Next-level-webdev\\univercity-mengement\\node_modules\\zod\\lib\\types.js:165:22)\n' +
    '    at processTicksAndRejections (node:internal/process/task_queues:95:5)',
  label: 'ES',
  timestamp: '2023-09-10T07:29:10.821Z'
}
{
  errno: undefined,
  code: 'ECONNREFUSED',
  syscall: 'querySrv',
  hostname: '_mongodb._tcp.cluster0.nd7qh.mongodb.net',
  level: 'error',
  message: 'Failed to conntect querySrv ECONNREFUSED _mongodb._tcp.cluster0.nd7qh.mongodb.net',
  stack: 'Error: querySrv ECONNREFUSED _mongodb._tcp.cluster0.nd7qh.mongodb.net\n' +
    '    at QueryReqWrap.onresolve [as oncomplete] (node:internal/dns/promises:251:17)',
  label: 'ES',
  timestamp: '2023-09-10T07:31:44.165Z'
}
